<?xml version="1.0" encoding="UTF-8"?>
<!-- Generated by org.testng.reporters.JUnitXMLReporter -->
<testsuite ignored="0" hostname="karthick" failures="0" tests="3" name="EdgeTest" time="0.017" errors="0" timestamp="02 Mar 2024 08:28:15 GMT">
  <testcase classname="base.BaseClass" name="@BeforeClass openBrowser" time="0.0">
    <failure type="java.lang.Error" message="Unresolved compilation problems: 
	browser cannot be resolved
	browser cannot be resolved
">
      <![CDATA[java.lang.Error: Unresolved compilation problems: 
browser cannot be resolved
browser cannot be resolved

at base.BaseClass.openBrowser(BaseClass.java:27)
... Removed 26 stack frames]]>
    </failure>
  </testcase> <!-- @BeforeClass openBrowser -->
  <testcase classname="base.BaseClass" name="@BeforeMethod login" time="0.0">
    <failure type="java.lang.NullPointerException" message="Cannot invoke &amp;quot;org.openqa.selenium.WebDriver.findElement(org.openqa.selenium.By)&amp;quot; because &amp;quot;base.BaseClass.driver&amp;quot; is null">
      <![CDATA[java.lang.NullPointerException: Cannot invoke "org.openqa.selenium.WebDriver.findElement(org.openqa.selenium.By)" because "base.BaseClass.driver" is null
at base.BaseClass.login(BaseClass.java:59)
... Removed 28 stack frames]]>
    </failure>
  </testcase> <!-- @BeforeMethod login -->
  <testcase classname="base.BaseClass" name="@AfterClass closeBrowser" time="0.0">
    <failure type="java.lang.NullPointerException" message="Cannot invoke &amp;quot;org.openqa.selenium.WebDriver.quit()&amp;quot; because &amp;quot;base.BaseClass.driver&amp;quot; is null">
      <![CDATA[java.lang.NullPointerException: Cannot invoke "org.openqa.selenium.WebDriver.quit()" because "base.BaseClass.driver" is null
at base.BaseClass.closeBrowser(BaseClass.java:78)
... Removed 26 stack frames]]>
    </failure>
  </testcase> <!-- @AfterClass closeBrowser -->
  <testcase classname="base.BaseClass" name="@BeforeClass openBrowser" time="0.0">
    <failure type="java.lang.Error" message="Unresolved compilation problems: 
	browser cannot be resolved
	browser cannot be resolved
">
      <![CDATA[java.lang.Error: Unresolved compilation problems: 
browser cannot be resolved
browser cannot be resolved

at base.BaseClass.openBrowser(BaseClass.java:27)
... Removed 26 stack frames]]>
    </failure>
  </testcase> <!-- @BeforeClass openBrowser -->
  <testcase classname="base.BaseClass" name="@BeforeMethod login" time="0.0">
    <failure type="java.lang.NullPointerException" message="Cannot invoke &amp;quot;org.openqa.selenium.WebDriver.findElement(org.openqa.selenium.By)&amp;quot; because &amp;quot;base.BaseClass.driver&amp;quot; is null">
      <![CDATA[java.lang.NullPointerException: Cannot invoke "org.openqa.selenium.WebDriver.findElement(org.openqa.selenium.By)" because "base.BaseClass.driver" is null
at base.BaseClass.login(BaseClass.java:59)
... Removed 28 stack frames]]>
    </failure>
  </testcase> <!-- @BeforeMethod login -->
  <testcase classname="base.BaseClass" name="@AfterClass closeBrowser" time="0.001">
    <failure type="java.lang.NullPointerException" message="Cannot invoke &amp;quot;org.openqa.selenium.WebDriver.quit()&amp;quot; because &amp;quot;base.BaseClass.driver&amp;quot; is null">
      <![CDATA[java.lang.NullPointerException: Cannot invoke "org.openqa.selenium.WebDriver.quit()" because "base.BaseClass.driver" is null
at base.BaseClass.closeBrowser(BaseClass.java:78)
... Removed 26 stack frames]]>
    </failure>
  </testcase> <!-- @AfterClass closeBrowser -->
  <testcase classname="base.BaseClass" name="@BeforeClass openBrowser" time="0.0">
    <failure type="java.lang.Error" message="Unresolved compilation problems: 
	browser cannot be resolved
	browser cannot be resolved
">
      <![CDATA[java.lang.Error: Unresolved compilation problems: 
browser cannot be resolved
browser cannot be resolved

at base.BaseClass.openBrowser(BaseClass.java:27)
... Removed 26 stack frames]]>
    </failure>
  </testcase> <!-- @BeforeClass openBrowser -->
  <testcase classname="base.BaseClass" name="@BeforeMethod login" time="0.0">
    <failure type="java.lang.NullPointerException" message="Cannot invoke &amp;quot;org.openqa.selenium.WebDriver.findElement(org.openqa.selenium.By)&amp;quot; because &amp;quot;base.BaseClass.driver&amp;quot; is null">
      <![CDATA[java.lang.NullPointerException: Cannot invoke "org.openqa.selenium.WebDriver.findElement(org.openqa.selenium.By)" because "base.BaseClass.driver" is null
at base.BaseClass.login(BaseClass.java:59)
... Removed 28 stack frames]]>
    </failure>
  </testcase> <!-- @BeforeMethod login -->
  <testcase classname="base.BaseClass" name="@AfterClass closeBrowser" time="0.0">
    <failure type="java.lang.NullPointerException" message="Cannot invoke &amp;quot;org.openqa.selenium.WebDriver.quit()&amp;quot; because &amp;quot;base.BaseClass.driver&amp;quot; is null">
      <![CDATA[java.lang.NullPointerException: Cannot invoke "org.openqa.selenium.WebDriver.quit()" because "base.BaseClass.driver" is null
at base.BaseClass.closeBrowser(BaseClass.java:78)
... Removed 26 stack frames]]>
    </failure>
  </testcase> <!-- @AfterClass closeBrowser -->
  <testcase classname="testScriptsTest.AddAddressTest" name="addAddressTest" time="0.0">
    <skipped/>
  </testcase> <!-- addAddressTest -->
  <testcase classname="testScriptsTest.DeleteAddressTest" name="updateAddressTest" time="0.0">
    <skipped/>
  </testcase> <!-- updateAddressTest -->
  <testcase classname="testScriptsTest.UpdateAddressTest" name="updateAddressTest" time="0.0">
    <skipped/>
  </testcase> <!-- updateAddressTest -->
</testsuite> <!-- EdgeTest -->
